[oracle@localhost database]$ ./runInstaller -showProgress -silent -waitforcompletion -ignorePrereq \
> -responseFile /u01/app/Ora12Install.rsp
Starting Oracle Universal Installer...

Checking Temp space: must be greater than 500 MB.   Actual 17960 MB    Passed
Checking swap space: must be greater than 150 MB.   Actual 1055 MB    Passed
Preparing to launch Oracle Universal Installer from /tmp/OraInstall2015-04-13_06-04-31PM. Please wait ...You can find the log of this install session at:
 /u01/app/oraInventory/logs/installActions2015-04-13_06-04-31PM.log

Prepare in progress.
..................................................   8% Done.

Prepare successful.

Copy files in progress.
..................................................   13% Done.
..................................................   18% Done.
..................................................   23% Done.
..................................................   28% Done.
..................................................   33% Done.
..................................................   39% Done.
..................................................   45% Done.
..................................................   50% Done.
..................................................   55% Done.
..................................................   60% Done.
..................................................   65% Done.
..................................................   70% Done.
..................................................   75% Done.

Copy files successful.

Link binaries in progress.

Link binaries successful.

Setup files in progress.
..............................
Setup files successful.
..........
Setup Inventory in progress.

Setup Inventory successful.
..................................................   80% Done.
..........
Finish Setup successful.
The installation of Oracle Database 12c was successful.
Please check '/u01/app/oraInventory/logs/silentInstall2015-04-13_06-04-31PM.log' for more details.

Setup Oracle Base in progress.

Setup Oracle Base successful.
..................................................   95% Done.

As a root user, execute the following script(s):
	1. /u01/app/oraInventory/orainstRoot.sh
	2. /u01/app/oracle/product/12.1/root.sh



..................................................   100% Done.
Successfully Setup Software.

